Reading 'matrix.rb'...
ok
 Number of CUDA devices:            1
 Forcing topology to           16
 Using           0 GPUs
 Input topology
 Region            1  with           16  cores
 [find_subtree_partition] load_balance =    1.00000000    
 Used order            1
ok
 Analyse took    3.52900004    
Predict nfact =   6.56E+08
Predict nflop =   6.81E+12
nparts         1
cpu_fl  6.81E+12
gpu_fl  0.00E+00
Factorize...
ok
 Factor took    102.117996    
Solve...
ok
 Solve took   0.416000009    
 number bad cmp =            0
 fwd error || ||_inf =    3.2165159424835110E-011
 bwd error scaled =    4.0945755243503229E-014
  cmp:     SMFCT
 anal:      3.53
 fact:    102.12
afact:  6.56E+08
aflop:  6.81E+12
nfact:  6.56E+08
nflop:  6.81E+12
delay:         1
inerti        84         0    112997
2x2piv      5675
maxfro     18517
not_fi       130
not_se         1
