Reading 'matrix.rb'...
ok
 Number of CUDA devices:            1
 Forcing topology to           16
 Using           0 GPUs
 Input topology
 Region            1  with           16  cores
 [find_subtree_partition] load_balance =    1.00000000    
 Used order            1
ok
 Analyse took    3.31599998    
Predict nfact =   3.21E+07
Predict nflop =   5.68E+09
nparts         1
cpu_fl  5.68E+09
gpu_fl  0.00E+00
Factorize...
ok
 Factor took   0.310000002    
Solve...
ok
 Solve took    7.10000023E-02
 number bad cmp =            0
 fwd error || ||_inf =    4.5421444383464404E-012
 bwd error scaled =    6.4914776890861311E-014
  cmp:     SMFCT
 anal:      3.32
 fact:      0.31
afact:  3.21E+07
aflop:  5.68E+09
nfact:  3.21E+07
nflop:  5.68E+09
delay:         1
inerti       762         0    391495
2x2piv    179826
maxfro      1003
not_fi         0
not_se         0
