Reading 'matrix.rb'...
ok
 Number of CUDA devices:            1
 Forcing topology to           16
 Using           0 GPUs
 Input topology
 Region            1  with           16  cores
 [find_subtree_partition] load_balance =    1.00000000    
 Used order            1
ok
 Analyse took    1.08599997    
Predict nfact =   2.47E+07
Predict nflop =   1.87E+10
nparts         1
cpu_fl  1.87E+10
gpu_fl  0.00E+00
Factorize...
ok
 Factor took   0.472000003    
Solve...
ok
 Solve took    2.50000004E-02
 number bad cmp =        66127
 fwd error || ||_inf =   0.67295255922295749     
 bwd error scaled =    3.6443450798513157E-015
  cmp:     SMFCT
 anal:      1.09
 fact:      0.47
afact:  2.47E+07
aflop:  1.87E+10
nfact:  2.47E+07
nflop:  1.87E+10
delay:         0
inerti         1         0     66126
2x2piv     13416
maxfro      1913
not_fi         0
not_se         0
