Reading 'matrix.rb'...
ok
 Number of CUDA devices:            1
 Forcing topology to           16
 Using           0 GPUs
 Input topology
 Region            1  with           16  cores
 [find_subtree_partition] load_balance =    1.00000000    
 Used order            1
ok
 Analyse took    1.28999996    
Predict nfact =   2.05E+08
Predict nflop =   1.32E+12
nparts         1
cpu_fl  1.32E+12
gpu_fl  0.00E+00
Factorize...
ok
 Factor took    22.5319996    
Solve...
ok
 Solve took   0.136000007    
 number bad cmp =            0
 fwd error || ||_inf =    1.7849691280602542E-008
 bwd error scaled =    1.7000742502250239E-012
  cmp:     SMFCT
 anal:      1.29
 fact:     22.53
afact:  2.05E+08
aflop:  1.32E+12
nfact:  2.05E+08
nflop:  1.32E+12
delay:        14
inerti     39956         0     10044
2x2piv      9650
maxfro     11151
not_fi       696
not_se        14
