Reading 'matrix.rb'...
ok
 Number of CUDA devices:            1
 Forcing topology to           16
 Using           0 GPUs
 Input topology
 Region            1  with           16  cores
 [find_subtree_partition] load_balance =    1.00000000    
 Used order            1
ok
 Analyse took    3.86999989    
Predict nfact =   6.73E+08
Predict nflop =   6.94E+12
nparts         1
cpu_fl  6.94E+12
gpu_fl  0.00E+00
Factorize...
ok
 Factor took    591.658997    
Solve...
ok
 Solve took    1.88399994    
 number bad cmp =            0
 fwd error || ||_inf =    3.0862112865293057E-010
 bwd error scaled =    2.2861344708227691E-011
  cmp:     SMFCT
 anal:      3.87
 fact:    591.66
afact:  6.73E+08
aflop:  6.94E+12
nfact:  6.73E+08
nflop:  6.94E+12
delay:         0
inerti       375         0    112610
2x2piv      5654
maxfro     16903
not_fi       295
not_se         0
