 NGPUS =            1
Reading 'matrix.rb'...
ok
 Number of CUDA devices:            1
 Forcing topology to           16
 Using           1 GPUs
 Input topology
 Region            1  with           16  cores
 ---> gpus            0
 [find_subtree_partition] load_balance =    1.46575391    
 Used order            1
ok
 Analyse took    1.70899999    
Predict nfact =   2.44E+08
Predict nflop =   1.46E+12
nparts         3
cpu_fl  1.13E+12
gpu_fl  3.23E+11
Factorize...
ok
 Factor took    168.589996    
Solve...
ok
 Solve took   0.518999994    
 number bad cmp =        64432
 fwd error || ||_inf =    6.1443884195050424E-002
 bwd error scaled =    1.4848452772035408E-002
  cmp:     SMFCT
 anal:      1.71
 fact:    168.59
afact:  2.44E+08
aflop:  1.46E+12
nfact:  3.09E+08
nflop:  1.78E+12
delay:         0
inerti         1         0     67023
2x2piv      1949
maxfro     11274
not_fi         0
not_se         0
